Using pre-set license

 COMMAND LINE ARGUMENTS:
/Applications/Unity/Hub/Editor/2020.3.11f1/Unity.app/Contents/MacOS/Unity
-adb2
-batchMode
-noUpm
-name
AssetImportWorker0
-projectPath
/Users/jflannery/Documents/UnityProjects/CircleRunner
-logFile
Logs/AssetImportWorker0.log
-srvPort
59235
Successfully changed project path to: /Users/jflannery/Documents/UnityProjects/CircleRunner
/Users/jflannery/Documents/UnityProjects/CircleRunner
Using Asset Import Pipeline V2.
Refreshing native plugins compatible for Editor in 65.87 ms, found 3 plugins.
Preloading 0 native plugins for Editor in 0.00 ms.
Initialize engine version: 2020.3.11f1 (99c7afb366b3)
[Subsystems] Discovering subsystems at path /Applications/Unity/Hub/Editor/2020.3.11f1/Unity.app/Contents/Resources/UnitySubsystems
[Subsystems] Discovering subsystems at path /Users/jflannery/Documents/UnityProjects/CircleRunner/Assets
GfxDevice: creating device client; threaded=0
2021-06-23 13:10:32.593 Unity[30529:3317187] Color LCD preferred device: NVIDIA GeForce GT 750M (high power)
2021-06-23 13:10:32.593 Unity[30529:3317187] Metal devices available: 2
2021-06-23 13:10:32.593 Unity[30529:3317187] 0: NVIDIA GeForce GT 750M (high power)
2021-06-23 13:10:32.593 Unity[30529:3317187] 1: Intel Iris Pro Graphics (low power)
2021-06-23 13:10:32.594 Unity[30529:3317187] Using device NVIDIA GeForce GT 750M (high power)
Initializing Metal device caps: NVIDIA GeForce GT 750M
Initialize mono
Mono path[0] = '/Applications/Unity/Hub/Editor/2020.3.11f1/Unity.app/Contents/Managed'
Mono path[1] = '/Applications/Unity/Hub/Editor/2020.3.11f1/Unity.app/Contents/MonoBleedingEdge/lib/mono/unityjit'
Mono config path = '/Applications/Unity/Hub/Editor/2020.3.11f1/Unity.app/Contents/MonoBleedingEdge/etc'
Using monoOptions --debugger-agent=transport=dt_socket,embedding=1,server=y,suspend=n,address=127.0.0.1:56529
Begin MonoManager ReloadAssembly
Registering precompiled unity dll's ...
Register platform support module: /Applications/Unity/Hub/Editor/2020.3.11f1/PlaybackEngines/WebGLSupport/UnityEditor.WebGL.Extensions.dll
Register platform support module: /Applications/Unity/Hub/Editor/2020.3.11f1/Unity.app/Contents/PlaybackEngines/MacStandaloneSupport/UnityEditor.OSXStandalone.Extensions.dll
Registered in 0.000817 seconds.
Native extension for OSXStandalone target not found
Native extension for WebGL target not found
Refreshing native plugins compatible for Editor in 49.08 ms, found 3 plugins.
Preloading 0 native plugins for Editor in 0.00 ms.
Mono: successfully reloaded assembly
- Completed reload, in  5.130 seconds
Platform modules already initialized, skipping
Registering precompiled user dll's ...
Registered in 0.003155 seconds.
Begin MonoManager ReloadAssembly
Native extension for OSXStandalone target not found
Native extension for WebGL target not found
Refreshing native plugins compatible for Editor in 48.62 ms, found 3 plugins.
Preloading 0 native plugins for Editor in 0.00 ms.
Mono: successfully reloaded assembly
- Completed reload, in  1.587 seconds
Platform modules already initialized, skipping
========================================================================
Worker process is ready to serve import requests
Launching external process: /Applications/Unity/Hub/Editor/2020.3.11f1/Unity.app/Contents/Tools/UnityShaderCompiler
Launched and connected shader compiler UnityShaderCompiler after 0.02 seconds
Refreshing native plugins compatible for Editor in 0.50 ms, found 3 plugins.
Preloading 0 native plugins for Editor in 0.00 ms.
Unloading 2089 Unused Serialized files (Serialized files now loaded: 0)
System memory in use before: 175.1 MB.
System memory in use after: 175.1 MB.

Unloading 33 unused Assets to reduce memory usage. Loaded Objects now: 2524.
Total: 3.443254 ms (FindLiveObjects: 0.356051 ms CreateObjectMapping: 0.207582 ms MarkObjects: 2.693488 ms  DeleteObjects: 0.185028 ms)

========================================================================
Received Import Request.
  path: Assets/Scripts/Damagers.cs
  artifactKey: Guid(26558cf1dcd914bbd9fd9652afa90d99) Importer(815301076,1909f56bfc062723c751e8b465ee728b)
Start importing Assets/Scripts/Damagers.cs using Guid(26558cf1dcd914bbd9fd9652afa90d99) Importer(815301076,1909f56bfc062723c751e8b465ee728b)  -> (artifact id: '2211528c8ab620e6479cfa95f0ad787f') in 0.413706 seconds
  Import took 0.417824 seconds .

========================================================================
Received Import Request.
  Time since last request: 136.279563 seconds.
  path: Assets/Scripts/CameraMove.cs
  artifactKey: Guid(3c3637d7f2e854465b386c3f2ac379c6) Importer(815301076,1909f56bfc062723c751e8b465ee728b)
Start importing Assets/Scripts/CameraMove.cs using Guid(3c3637d7f2e854465b386c3f2ac379c6) Importer(815301076,1909f56bfc062723c751e8b465ee728b)  -> (artifact id: '356879a224d2b08209f402fbbe671889') in 0.003337 seconds
  Import took 0.008961 seconds .

========================================================================
Received Prepare
Registering precompiled user dll's ...
Registered in 0.003479 seconds.
Begin MonoManager ReloadAssembly
Native extension for OSXStandalone target not found
Native extension for WebGL target not found
Refreshing native plugins compatible for Editor in 0.51 ms, found 3 plugins.
Preloading 0 native plugins for Editor in 0.00 ms.
Mono: successfully reloaded assembly
- Completed reload, in  1.507 seconds
Platform modules already initialized, skipping
Refreshing native plugins compatible for Editor in 0.53 ms, found 3 plugins.
Preloading 0 native plugins for Editor in 0.00 ms.
Unloading 2084 Unused Serialized files (Serialized files now loaded: 0)
System memory in use before: 179.7 MB.
System memory in use after: 179.7 MB.

Unloading 21 unused Assets to reduce memory usage. Loaded Objects now: 2528.
Total: 3.322935 ms (FindLiveObjects: 0.276268 ms CreateObjectMapping: 0.108327 ms MarkObjects: 2.803903 ms  DeleteObjects: 0.132797 ms)

