Using pre-set license

 COMMAND LINE ARGUMENTS:
/Applications/Unity/Hub/Editor/2020.3.11f1/Unity.app/Contents/MacOS/Unity
-adb2
-batchMode
-noUpm
-name
AssetImportWorker1
-projectPath
/Users/jflannery/Documents/UnityProjects/CircleRunner
-logFile
Logs/AssetImportWorker1.log
-srvPort
50671
Successfully changed project path to: /Users/jflannery/Documents/UnityProjects/CircleRunner
/Users/jflannery/Documents/UnityProjects/CircleRunner
Using Asset Import Pipeline V2.
Refreshing native plugins compatible for Editor in 49.44 ms, found 3 plugins.
Preloading 0 native plugins for Editor in 0.00 ms.
Initialize engine version: 2020.3.11f1 (99c7afb366b3)
[Subsystems] Discovering subsystems at path /Applications/Unity/Hub/Editor/2020.3.11f1/Unity.app/Contents/Resources/UnitySubsystems
[Subsystems] Discovering subsystems at path /Users/jflannery/Documents/UnityProjects/CircleRunner/Assets
GfxDevice: creating device client; threaded=0
2021-06-22 21:25:22.358 Unity[79166:3017122] Color LCD preferred device: NVIDIA GeForce GT 750M (high power)
2021-06-22 21:25:22.358 Unity[79166:3017122] Metal devices available: 2
2021-06-22 21:25:22.359 Unity[79166:3017122] 0: NVIDIA GeForce GT 750M (high power)
2021-06-22 21:25:22.359 Unity[79166:3017122] 1: Intel Iris Pro Graphics (low power)
2021-06-22 21:25:22.360 Unity[79166:3017122] Using device NVIDIA GeForce GT 750M (high power)
Initializing Metal device caps: NVIDIA GeForce GT 750M
Initialize mono
Mono path[0] = '/Applications/Unity/Hub/Editor/2020.3.11f1/Unity.app/Contents/Managed'
Mono path[1] = '/Applications/Unity/Hub/Editor/2020.3.11f1/Unity.app/Contents/MonoBleedingEdge/lib/mono/unityjit'
Mono config path = '/Applications/Unity/Hub/Editor/2020.3.11f1/Unity.app/Contents/MonoBleedingEdge/etc'
Using monoOptions --debugger-agent=transport=dt_socket,embedding=1,server=y,suspend=n,address=127.0.0.1:56166
Begin MonoManager ReloadAssembly
Registering precompiled unity dll's ...
Register platform support module: /Applications/Unity/Hub/Editor/2020.3.11f1/PlaybackEngines/WebGLSupport/UnityEditor.WebGL.Extensions.dll
Register platform support module: /Applications/Unity/Hub/Editor/2020.3.11f1/Unity.app/Contents/PlaybackEngines/MacStandaloneSupport/UnityEditor.OSXStandalone.Extensions.dll
Registered in 0.002613 seconds.
Native extension for OSXStandalone target not found
Native extension for WebGL target not found
Refreshing native plugins compatible for Editor in 46.88 ms, found 3 plugins.
Preloading 0 native plugins for Editor in 0.00 ms.
Mono: successfully reloaded assembly
- Completed reload, in  4.941 seconds
Platform modules already initialized, skipping
Registering precompiled user dll's ...
Registered in 0.002142 seconds.
Begin MonoManager ReloadAssembly
Native extension for OSXStandalone target not found
Native extension for WebGL target not found
Refreshing native plugins compatible for Editor in 49.65 ms, found 3 plugins.
Preloading 0 native plugins for Editor in 0.00 ms.
Mono: successfully reloaded assembly
- Completed reload, in  1.588 seconds
Platform modules already initialized, skipping
========================================================================
Worker process is ready to serve import requests
Launching external process: /Applications/Unity/Hub/Editor/2020.3.11f1/Unity.app/Contents/Tools/UnityShaderCompiler
Launched and connected shader compiler UnityShaderCompiler after 0.02 seconds
Refreshing native plugins compatible for Editor in 0.63 ms, found 3 plugins.
Preloading 0 native plugins for Editor in 0.00 ms.
Unloading 2088 Unused Serialized files (Serialized files now loaded: 0)
System memory in use before: 174.7 MB.
System memory in use after: 174.6 MB.

Unloading 33 unused Assets to reduce memory usage. Loaded Objects now: 2523.
Total: 3.383690 ms (FindLiveObjects: 0.335603 ms CreateObjectMapping: 0.083794 ms MarkObjects: 2.725682 ms  DeleteObjects: 0.237314 ms)

========================================================================
Received Import Request.
  path: Assets/Sections/Section01.prefab
  artifactKey: Guid(f0d887630e4164a55946c209bddba953) Importer(815301076,1909f56bfc062723c751e8b465ee728b)
Start importing Assets/Sections/Section01.prefab using Guid(f0d887630e4164a55946c209bddba953) Importer(815301076,1909f56bfc062723c751e8b465ee728b)  -> (artifact id: '381045bfadb01b486f17c352de3fedf5') in 0.391927 seconds
  Import took 0.396486 seconds .

========================================================================
Received Import Request.
  Time since last request: 0.000307 seconds.
  path: Assets/Sections/Section02.prefab
  artifactKey: Guid(306961137d42242c8a99defd5bc2d50a) Importer(815301076,1909f56bfc062723c751e8b465ee728b)
Start importing Assets/Sections/Section02.prefab using Guid(306961137d42242c8a99defd5bc2d50a) Importer(815301076,1909f56bfc062723c751e8b465ee728b)  -> (artifact id: 'b2c08ce076300aafddf33147aedab502') in 0.011324 seconds
  Import took 0.014643 seconds .

========================================================================
Received Import Request.
  Time since last request: 25.397191 seconds.
  path: Assets/Sections/Section02 1.prefab
  artifactKey: Guid(5052ee7065bb842ba853f5f5624c854a) Importer(815301076,1909f56bfc062723c751e8b465ee728b)
Start importing Assets/Sections/Section02 1.prefab using Guid(5052ee7065bb842ba853f5f5624c854a) Importer(815301076,1909f56bfc062723c751e8b465ee728b)  -> (artifact id: '33e44728a0133adc72b3c1510c2c2dee') in 0.016825 seconds
  Import took 0.022475 seconds .

========================================================================
Received Import Request.
  Time since last request: 0.001428 seconds.
  path: Assets/Sections/Section02 1.prefab
  artifactKey: Guid(5052ee7065bb842ba853f5f5624c854a) Importer(815301076,1909f56bfc062723c751e8b465ee728b)
Start importing Assets/Sections/Section02 1.prefab using Guid(5052ee7065bb842ba853f5f5624c854a) Importer(815301076,1909f56bfc062723c751e8b465ee728b)  -> (artifact id: '33e44728a0133adc72b3c1510c2c2dee') in 0.010992 seconds
  Import took 0.015001 seconds .

========================================================================
Received Import Request.
  Time since last request: 5.596792 seconds.
  path: Assets/Sections/Section03.prefab
  artifactKey: Guid(5052ee7065bb842ba853f5f5624c854a) Importer(815301076,1909f56bfc062723c751e8b465ee728b)
Start importing Assets/Sections/Section03.prefab using Guid(5052ee7065bb842ba853f5f5624c854a) Importer(815301076,1909f56bfc062723c751e8b465ee728b)  -> (artifact id: 'af76d8918e7df580ec0c2fdad8bd7eda') in 0.019039 seconds
  Import took 0.024011 seconds .

========================================================================
Received Import Request.
  Time since last request: 7.045026 seconds.
  path: Assets/Sections/Section03.prefab
  artifactKey: Guid(5052ee7065bb842ba853f5f5624c854a) Importer(815301076,1909f56bfc062723c751e8b465ee728b)
Start importing Assets/Sections/Section03.prefab using Guid(5052ee7065bb842ba853f5f5624c854a) Importer(815301076,1909f56bfc062723c751e8b465ee728b)  -> (artifact id: 'f99c5b221b2358f954b16808c18f4813') in 0.014564 seconds
  Import took 0.019390 seconds .

========================================================================
Received Import Request.
  Time since last request: 5.248722 seconds.
  path: Assets/Sections/Section03.prefab
  artifactKey: Guid(5052ee7065bb842ba853f5f5624c854a) Importer(815301076,1909f56bfc062723c751e8b465ee728b)
Start importing Assets/Sections/Section03.prefab using Guid(5052ee7065bb842ba853f5f5624c854a) Importer(815301076,1909f56bfc062723c751e8b465ee728b)  -> (artifact id: '9c2a8e735bbfeff63bb5fed489290694') in 0.015444 seconds
  Import took 0.020303 seconds .

========================================================================
Received Import Request.
  Time since last request: 2.807624 seconds.
  path: Assets/Sections/Section03.prefab
  artifactKey: Guid(5052ee7065bb842ba853f5f5624c854a) Importer(815301076,1909f56bfc062723c751e8b465ee728b)
Start importing Assets/Sections/Section03.prefab using Guid(5052ee7065bb842ba853f5f5624c854a) Importer(815301076,1909f56bfc062723c751e8b465ee728b)  -> (artifact id: 'c18e820565d7352c831aed892f55b185') in 0.011473 seconds
  Import took 0.016623 seconds .

========================================================================
Received Import Request.
  Time since last request: 3.854006 seconds.
  path: Assets/Sections/Section03.prefab
  artifactKey: Guid(5052ee7065bb842ba853f5f5624c854a) Importer(815301076,1909f56bfc062723c751e8b465ee728b)
Start importing Assets/Sections/Section03.prefab using Guid(5052ee7065bb842ba853f5f5624c854a) Importer(815301076,1909f56bfc062723c751e8b465ee728b)  -> (artifact id: 'd13e785f41e78e6532dcc01b43ee60ed') in 0.014110 seconds
  Import took 0.019099 seconds .

========================================================================
Received Import Request.
  Time since last request: 3.451887 seconds.
  path: Assets/Sections/Section03.prefab
  artifactKey: Guid(5052ee7065bb842ba853f5f5624c854a) Importer(815301076,1909f56bfc062723c751e8b465ee728b)
Start importing Assets/Sections/Section03.prefab using Guid(5052ee7065bb842ba853f5f5624c854a) Importer(815301076,1909f56bfc062723c751e8b465ee728b)  -> (artifact id: '81e60ca9f57488a3318e41c32f8201da') in 0.015083 seconds
  Import took 0.019900 seconds .

========================================================================
Received Import Request.
  Time since last request: 11.210901 seconds.
  path: Assets/Sections/Section01 1.prefab
  artifactKey: Guid(8bd275df523be4114b7ece0be0a6a3e5) Importer(815301076,1909f56bfc062723c751e8b465ee728b)
Start importing Assets/Sections/Section01 1.prefab using Guid(8bd275df523be4114b7ece0be0a6a3e5) Importer(815301076,1909f56bfc062723c751e8b465ee728b)  -> (artifact id: '237160ba0edf30aa01702d4909dc19e9') in 0.012046 seconds
  Import took 0.016699 seconds .

========================================================================
Received Import Request.
  Time since last request: 10.763290 seconds.
  path: Assets/Sections/Section04.prefab
  artifactKey: Guid(8bd275df523be4114b7ece0be0a6a3e5) Importer(815301076,1909f56bfc062723c751e8b465ee728b)
Start importing Assets/Sections/Section04.prefab using Guid(8bd275df523be4114b7ece0be0a6a3e5) Importer(815301076,1909f56bfc062723c751e8b465ee728b)  -> (artifact id: '591e85c390bbf312fe3c000249deeebd') in 0.016562 seconds
  Import took 0.022408 seconds .

========================================================================
Received Import Request.
  Time since last request: 11.191650 seconds.
  path: Assets/Sections/Section01.prefab
  artifactKey: Guid(f0d887630e4164a55946c209bddba953) Importer(815301076,1909f56bfc062723c751e8b465ee728b)
Start importing Assets/Sections/Section01.prefab using Guid(f0d887630e4164a55946c209bddba953) Importer(815301076,1909f56bfc062723c751e8b465ee728b)  -> (artifact id: '3d98fd16e2a2d79dd3f921d213c8d194') in 0.015522 seconds
  Import took 0.020281 seconds .

========================================================================
Received Import Request.
  Time since last request: 2.207327 seconds.
  path: Assets/Sections/Section01.prefab
  artifactKey: Guid(f0d887630e4164a55946c209bddba953) Importer(815301076,1909f56bfc062723c751e8b465ee728b)
Start importing Assets/Sections/Section01.prefab using Guid(f0d887630e4164a55946c209bddba953) Importer(815301076,1909f56bfc062723c751e8b465ee728b)  -> (artifact id: '3bf834f01f145d33c749772605f297b9') in 0.016139 seconds
  Import took 0.020851 seconds .

========================================================================
Received Import Request.
  Time since last request: 4.647855 seconds.
  path: Assets/Sections/Section01.prefab
  artifactKey: Guid(f0d887630e4164a55946c209bddba953) Importer(815301076,1909f56bfc062723c751e8b465ee728b)
Start importing Assets/Sections/Section01.prefab using Guid(f0d887630e4164a55946c209bddba953) Importer(815301076,1909f56bfc062723c751e8b465ee728b)  -> (artifact id: 'fcc76108ba6a61d573b87054e58b9dd3') in 0.011886 seconds
  Import took 0.016425 seconds .

========================================================================
Received Import Request.
  Time since last request: 5.862936 seconds.
  path: Assets/Sections/Section01.prefab
  artifactKey: Guid(f0d887630e4164a55946c209bddba953) Importer(815301076,1909f56bfc062723c751e8b465ee728b)
Start importing Assets/Sections/Section01.prefab using Guid(f0d887630e4164a55946c209bddba953) Importer(815301076,1909f56bfc062723c751e8b465ee728b)  -> (artifact id: 'b816884ca74b46f42a4cfdc5f33f1687') in 0.018880 seconds
  Import took 0.023312 seconds .

========================================================================
Received Import Request.
  Time since last request: 6.876421 seconds.
  path: Assets/Sections/Section01.prefab
  artifactKey: Guid(f0d887630e4164a55946c209bddba953) Importer(815301076,1909f56bfc062723c751e8b465ee728b)
Start importing Assets/Sections/Section01.prefab using Guid(f0d887630e4164a55946c209bddba953) Importer(815301076,1909f56bfc062723c751e8b465ee728b)  -> (artifact id: '06b90306c7db7ae8cb0922bace6c3807') in 0.018190 seconds
  Import took 0.023347 seconds .

========================================================================
Received Import Request.
  Time since last request: 3.626622 seconds.
  path: Assets/Sections/Section01.prefab
  artifactKey: Guid(f0d887630e4164a55946c209bddba953) Importer(815301076,1909f56bfc062723c751e8b465ee728b)
Start importing Assets/Sections/Section01.prefab using Guid(f0d887630e4164a55946c209bddba953) Importer(815301076,1909f56bfc062723c751e8b465ee728b)  -> (artifact id: '24bb076c986f08fef56e04c5acc63564') in 0.016627 seconds
  Import took 0.021427 seconds .

========================================================================
Received Import Request.
  Time since last request: 13.130255 seconds.
  path: Assets/Sections/Section01.prefab
  artifactKey: Guid(f0d887630e4164a55946c209bddba953) Importer(815301076,1909f56bfc062723c751e8b465ee728b)
Start importing Assets/Sections/Section01.prefab using Guid(f0d887630e4164a55946c209bddba953) Importer(815301076,1909f56bfc062723c751e8b465ee728b)  -> (artifact id: '7a1d30686072db6cfff59063391d3550') in 0.024602 seconds
  Import took 0.029571 seconds .

========================================================================
Received Import Request.
  Time since last request: 2.225074 seconds.
  path: Assets/Sections/Section01.prefab
  artifactKey: Guid(f0d887630e4164a55946c209bddba953) Importer(815301076,1909f56bfc062723c751e8b465ee728b)
Start importing Assets/Sections/Section01.prefab using Guid(f0d887630e4164a55946c209bddba953) Importer(815301076,1909f56bfc062723c751e8b465ee728b)  -> (artifact id: 'f67856f3f2e0bd792bcb7c561df18d06') in 0.017294 seconds
  Import took 0.023198 seconds .

========================================================================
Received Import Request.
  Time since last request: 4.440887 seconds.
  path: Assets/Sections/Section01.prefab
  artifactKey: Guid(f0d887630e4164a55946c209bddba953) Importer(815301076,1909f56bfc062723c751e8b465ee728b)
Start importing Assets/Sections/Section01.prefab using Guid(f0d887630e4164a55946c209bddba953) Importer(815301076,1909f56bfc062723c751e8b465ee728b)  -> (artifact id: '9e3c59ef5db4079df4e58e3072592622') in 0.018661 seconds
  Import took 0.023389 seconds .

========================================================================
Received Prepare
Registering precompiled user dll's ...
Registered in 0.003097 seconds.
Begin MonoManager ReloadAssembly
Native extension for OSXStandalone target not found
Native extension for WebGL target not found
Refreshing native plugins compatible for Editor in 0.48 ms, found 3 plugins.
Preloading 0 native plugins for Editor in 0.00 ms.
Mono: successfully reloaded assembly
- Completed reload, in  1.334 seconds
Platform modules already initialized, skipping
Refreshing native plugins compatible for Editor in 0.50 ms, found 3 plugins.
Preloading 0 native plugins for Editor in 0.00 ms.
Unloading 2083 Unused Serialized files (Serialized files now loaded: 0)
System memory in use before: 183.4 MB.
System memory in use after: 183.4 MB.

Unloading 21 unused Assets to reduce memory usage. Loaded Objects now: 2534.
Total: 2.508736 ms (FindLiveObjects: 0.218145 ms CreateObjectMapping: 0.078359 ms MarkObjects: 2.097047 ms  DeleteObjects: 0.114279 ms)

========================================================================
Received Prepare
Registering precompiled user dll's ...
Registered in 0.001957 seconds.
Begin MonoManager ReloadAssembly
Native extension for OSXStandalone target not found
Native extension for WebGL target not found
Refreshing native plugins compatible for Editor in 0.54 ms, found 3 plugins.
Preloading 0 native plugins for Editor in 0.00 ms.
Mono: successfully reloaded assembly
- Completed reload, in  1.425 seconds
Platform modules already initialized, skipping
Refreshing native plugins compatible for Editor in 0.51 ms, found 3 plugins.
Preloading 0 native plugins for Editor in 0.00 ms.
Unloading 2083 Unused Serialized files (Serialized files now loaded: 0)
System memory in use before: 183.6 MB.
System memory in use after: 183.5 MB.

Unloading 21 unused Assets to reduce memory usage. Loaded Objects now: 2538.
Total: 3.158959 ms (FindLiveObjects: 0.310677 ms CreateObjectMapping: 0.191945 ms MarkObjects: 2.534312 ms  DeleteObjects: 0.121054 ms)

========================================================================
Received Prepare
Registering precompiled user dll's ...
Registered in 0.001982 seconds.
Begin MonoManager ReloadAssembly
Native extension for OSXStandalone target not found
Native extension for WebGL target not found
Refreshing native plugins compatible for Editor in 0.66 ms, found 3 plugins.
Preloading 0 native plugins for Editor in 0.00 ms.
Mono: successfully reloaded assembly
- Completed reload, in  1.385 seconds
Platform modules already initialized, skipping
Refreshing native plugins compatible for Editor in 0.50 ms, found 3 plugins.
Preloading 0 native plugins for Editor in 0.00 ms.
Unloading 2083 Unused Serialized files (Serialized files now loaded: 0)
System memory in use before: 183.8 MB.
System memory in use after: 183.8 MB.

Unloading 21 unused Assets to reduce memory usage. Loaded Objects now: 2542.
Total: 3.406190 ms (FindLiveObjects: 0.327063 ms CreateObjectMapping: 0.278137 ms MarkObjects: 2.669648 ms  DeleteObjects: 0.130262 ms)

========================================================================
Received Prepare
Registering precompiled user dll's ...
Registered in 0.001945 seconds.
Begin MonoManager ReloadAssembly
Native extension for OSXStandalone target not found
Native extension for WebGL target not found
Refreshing native plugins compatible for Editor in 0.50 ms, found 3 plugins.
Preloading 0 native plugins for Editor in 0.00 ms.
Mono: successfully reloaded assembly
- Completed reload, in  1.311 seconds
Platform modules already initialized, skipping
Refreshing native plugins compatible for Editor in 0.49 ms, found 3 plugins.
Preloading 0 native plugins for Editor in 0.00 ms.
Unloading 2083 Unused Serialized files (Serialized files now loaded: 0)
System memory in use before: 184.1 MB.
System memory in use after: 184.0 MB.

Unloading 21 unused Assets to reduce memory usage. Loaded Objects now: 2546.
Total: 2.830229 ms (FindLiveObjects: 0.302313 ms CreateObjectMapping: 0.082828 ms MarkObjects: 2.324991 ms  DeleteObjects: 0.119091 ms)

========================================================================
Received Import Request.
  Time since last request: 256.809864 seconds.
  path: Assets/Sections/Section01.prefab
  artifactKey: Guid(f0d887630e4164a55946c209bddba953) Importer(815301076,1909f56bfc062723c751e8b465ee728b)
Start importing Assets/Sections/Section01.prefab using Guid(f0d887630e4164a55946c209bddba953) Importer(815301076,1909f56bfc062723c751e8b465ee728b)  -> (artifact id: 'f81c16ebe25e12ad841c791e0730ba18') in 0.079122 seconds
  Import took 0.084278 seconds .

========================================================================
Received Import Request.
  Time since last request: 4.964672 seconds.
  path: Assets/Sections/Section01.prefab
  artifactKey: Guid(f0d887630e4164a55946c209bddba953) Importer(815301076,1909f56bfc062723c751e8b465ee728b)
Start importing Assets/Sections/Section01.prefab using Guid(f0d887630e4164a55946c209bddba953) Importer(815301076,1909f56bfc062723c751e8b465ee728b)  -> (artifact id: '864903bf982efbf1dd67b11b81379e36') in 0.012695 seconds
  Import took 0.017575 seconds .

========================================================================
Received Import Request.
  Time since last request: 66.178637 seconds.
  path: Assets/UI.prefab
  artifactKey: Guid(625503b66da494c74be76585c997e6d0) Importer(815301076,1909f56bfc062723c751e8b465ee728b)
Start importing Assets/UI.prefab using Guid(625503b66da494c74be76585c997e6d0) Importer(815301076,1909f56bfc062723c751e8b465ee728b)  -> (artifact id: '70a19c92b6a74edc1bdd706fa333f554') in 0.030697 seconds
  Import took 0.035387 seconds .

========================================================================
Received Import Request.
  Time since last request: 0.000855 seconds.
  path: Assets/UI.prefab
  artifactKey: Guid(625503b66da494c74be76585c997e6d0) Importer(815301076,1909f56bfc062723c751e8b465ee728b)
Start importing Assets/UI.prefab using Guid(625503b66da494c74be76585c997e6d0) Importer(815301076,1909f56bfc062723c751e8b465ee728b)  -> (artifact id: '70a19c92b6a74edc1bdd706fa333f554') in 0.003615 seconds
  Import took 0.006900 seconds .

========================================================================
Received Import Request.
  Time since last request: 43.420315 seconds.
  path: Assets/Scenes/ControlTest.unity
  artifactKey: Guid(33ab1470b2aca4c09a8fbb64b22f87b1) Importer(815301076,1909f56bfc062723c751e8b465ee728b)
Start importing Assets/Scenes/ControlTest.unity using Guid(33ab1470b2aca4c09a8fbb64b22f87b1) Importer(815301076,1909f56bfc062723c751e8b465ee728b)  -> (artifact id: '9232a3a4f17b8d7ffb7fd94250f6e07b') in 0.002070 seconds
  Import took 0.006287 seconds .

========================================================================
Received Import Request.
  Time since last request: 0.000858 seconds.
  path: Assets/Scenes/ControlTest.unity
  artifactKey: Guid(33ab1470b2aca4c09a8fbb64b22f87b1) Importer(815301076,1909f56bfc062723c751e8b465ee728b)
Start importing Assets/Scenes/ControlTest.unity using Guid(33ab1470b2aca4c09a8fbb64b22f87b1) Importer(815301076,1909f56bfc062723c751e8b465ee728b)  -> (artifact id: '9232a3a4f17b8d7ffb7fd94250f6e07b') in 0.001260 seconds
  Import took 0.004360 seconds .

========================================================================
Received Import Request.
  Time since last request: 8.390805 seconds.
  path: Assets/Scenes/Main.unity
  artifactKey: Guid(7b6713f49e1d24d3da08f228af148624) Importer(815301076,1909f56bfc062723c751e8b465ee728b)
Start importing Assets/Scenes/Main.unity using Guid(7b6713f49e1d24d3da08f228af148624) Importer(815301076,1909f56bfc062723c751e8b465ee728b)  -> (artifact id: 'af4db0a3e60bacb7c23a25423cdad2c3') in 0.002733 seconds
  Import took 0.006958 seconds .

========================================================================
Received Import Request.
  Time since last request: 23.316032 seconds.
  path: Assets/Scripts/Player.cs
  artifactKey: Guid(8a49343e5258748068fc7e4763be2bb4) Importer(815301076,1909f56bfc062723c751e8b465ee728b)
Start importing Assets/Scripts/Player.cs using Guid(8a49343e5258748068fc7e4763be2bb4) Importer(815301076,1909f56bfc062723c751e8b465ee728b)  -> (artifact id: '9f7e742cae59278916a4a288e2ce7da8') in 0.429047 seconds
  Import took 0.433151 seconds .

========================================================================
Received Import Request.
  Time since last request: 52.895313 seconds.
  path: Assets/Scripts/IntObject.cs
  artifactKey: Guid(3e88b9bd1da08429b8b39d3ba1e57d8c) Importer(815301076,1909f56bfc062723c751e8b465ee728b)
Start importing Assets/Scripts/IntObject.cs using Guid(3e88b9bd1da08429b8b39d3ba1e57d8c) Importer(815301076,1909f56bfc062723c751e8b465ee728b)  -> (artifact id: '00a9698008914802f426f43c6cfd78e2') in 0.001992 seconds
  Import took 0.006339 seconds .

========================================================================
Received Prepare
Registering precompiled user dll's ...
Registered in 0.003540 seconds.
Begin MonoManager ReloadAssembly
Native extension for OSXStandalone target not found
Native extension for WebGL target not found
Refreshing native plugins compatible for Editor in 0.59 ms, found 3 plugins.
Preloading 0 native plugins for Editor in 0.00 ms.
Mono: successfully reloaded assembly
- Completed reload, in  1.416 seconds
Platform modules already initialized, skipping
Refreshing native plugins compatible for Editor in 0.54 ms, found 3 plugins.
Preloading 0 native plugins for Editor in 0.00 ms.
Unloading 2084 Unused Serialized files (Serialized files now loaded: 0)
System memory in use before: 188.7 MB.
System memory in use after: 188.7 MB.

Unloading 23 unused Assets to reduce memory usage. Loaded Objects now: 2554.
Total: 3.012376 ms (FindLiveObjects: 0.334576 ms CreateObjectMapping: 0.083454 ms MarkObjects: 2.452838 ms  DeleteObjects: 0.140106 ms)

========================================================================
Received Import Request.
  Time since last request: 55.406131 seconds.
  path: Assets/Scripts/IntObject.cs
  artifactKey: Guid(3e88b9bd1da08429b8b39d3ba1e57d8c) Importer(815301076,1909f56bfc062723c751e8b465ee728b)
Start importing Assets/Scripts/IntObject.cs using Guid(3e88b9bd1da08429b8b39d3ba1e57d8c) Importer(815301076,1909f56bfc062723c751e8b465ee728b)  -> (artifact id: '819e71b0dcd2f5a80304a1747cde82dc') in 0.005657 seconds
  Import took 0.009694 seconds .

========================================================================
Received Import Request.
  Time since last request: 9.379791 seconds.
  path: Assets/Scripts/PlayerHealth.asset
  artifactKey: Guid(97a89b14861764064961acacd99a0154) Importer(815301076,1909f56bfc062723c751e8b465ee728b)
Start importing Assets/Scripts/PlayerHealth.asset using Guid(97a89b14861764064961acacd99a0154) Importer(815301076,1909f56bfc062723c751e8b465ee728b)  -> (artifact id: 'd761e8b3a26944c0ee629b0da0ce7364') in 0.190578 seconds
  Import took 0.196104 seconds .

========================================================================
Received Prepare
Registering precompiled user dll's ...
Registered in 0.001948 seconds.
Begin MonoManager ReloadAssembly
Native extension for OSXStandalone target not found
Native extension for WebGL target not found
Refreshing native plugins compatible for Editor in 0.51 ms, found 3 plugins.
Preloading 0 native plugins for Editor in 0.00 ms.
Mono: successfully reloaded assembly
- Completed reload, in  1.359 seconds
Platform modules already initialized, skipping
Refreshing native plugins compatible for Editor in 0.48 ms, found 3 plugins.
Preloading 0 native plugins for Editor in 0.00 ms.
Unloading 2084 Unused Serialized files (Serialized files now loaded: 0)
System memory in use before: 193.1 MB.
System memory in use after: 193.1 MB.

Unloading 21 unused Assets to reduce memory usage. Loaded Objects now: 2558.
Total: 3.235243 ms (FindLiveObjects: 0.327462 ms CreateObjectMapping: 0.166091 ms MarkObjects: 2.613778 ms  DeleteObjects: 0.126994 ms)

========================================================================
Received Import Request.
  Time since last request: 139.210032 seconds.
  path: Assets/Scripts/HealthDisplay.cs
  artifactKey: Guid(264e8cbf7e58942b992ce2f60b926b8f) Importer(815301076,1909f56bfc062723c751e8b465ee728b)
Start importing Assets/Scripts/HealthDisplay.cs using Guid(264e8cbf7e58942b992ce2f60b926b8f) Importer(815301076,1909f56bfc062723c751e8b465ee728b)  -> (artifact id: 'dc90439b03033ab9a50152e464ef477d') in 0.007286 seconds
  Import took 0.012384 seconds .

========================================================================
Received Prepare
Registering precompiled user dll's ...
Registered in 0.002008 seconds.
Begin MonoManager ReloadAssembly
Native extension for OSXStandalone target not found
Native extension for WebGL target not found
Refreshing native plugins compatible for Editor in 0.56 ms, found 3 plugins.
Preloading 0 native plugins for Editor in 0.00 ms.
Mono: successfully reloaded assembly
- Completed reload, in  1.426 seconds
Platform modules already initialized, skipping
Refreshing native plugins compatible for Editor in 0.49 ms, found 3 plugins.
Preloading 0 native plugins for Editor in 0.00 ms.
Unloading 2085 Unused Serialized files (Serialized files now loaded: 0)
System memory in use before: 193.3 MB.
System memory in use after: 193.3 MB.

Unloading 21 unused Assets to reduce memory usage. Loaded Objects now: 2563.
Total: 3.182376 ms (FindLiveObjects: 0.276511 ms CreateObjectMapping: 0.160071 ms MarkObjects: 2.605614 ms  DeleteObjects: 0.139316 ms)

========================================================================
Received Prepare
Registering precompiled user dll's ...
Registered in 0.004017 seconds.
Begin MonoManager ReloadAssembly
Native extension for OSXStandalone target not found
Native extension for WebGL target not found
Refreshing native plugins compatible for Editor in 0.55 ms, found 3 plugins.
Preloading 0 native plugins for Editor in 0.00 ms.
Mono: successfully reloaded assembly
- Completed reload, in  1.354 seconds
Platform modules already initialized, skipping
Refreshing native plugins compatible for Editor in 0.51 ms, found 3 plugins.
Preloading 0 native plugins for Editor in 0.00 ms.
Unloading 2085 Unused Serialized files (Serialized files now loaded: 0)
System memory in use before: 193.5 MB.
System memory in use after: 193.5 MB.

Unloading 21 unused Assets to reduce memory usage. Loaded Objects now: 2567.
Total: 3.309283 ms (FindLiveObjects: 0.328881 ms CreateObjectMapping: 0.176473 ms MarkObjects: 2.681590 ms  DeleteObjects: 0.121414 ms)

========================================================================
Received Prepare
Registering precompiled user dll's ...
Registered in 0.002074 seconds.
Begin MonoManager ReloadAssembly
Native extension for OSXStandalone target not found
Native extension for WebGL target not found
Refreshing native plugins compatible for Editor in 0.56 ms, found 3 plugins.
Preloading 0 native plugins for Editor in 0.00 ms.
Mono: successfully reloaded assembly
- Completed reload, in  1.362 seconds
Platform modules already initialized, skipping
Refreshing native plugins compatible for Editor in 0.48 ms, found 3 plugins.
Preloading 0 native plugins for Editor in 0.00 ms.
Unloading 2085 Unused Serialized files (Serialized files now loaded: 0)
System memory in use before: 193.7 MB.
System memory in use after: 193.7 MB.

Unloading 21 unused Assets to reduce memory usage. Loaded Objects now: 2571.
Total: 3.242658 ms (FindLiveObjects: 0.328750 ms CreateObjectMapping: 0.170397 ms MarkObjects: 2.626466 ms  DeleteObjects: 0.116081 ms)

========================================================================
Received Prepare
Registering precompiled user dll's ...
Registered in 0.002090 seconds.
Begin MonoManager ReloadAssembly
Native extension for OSXStandalone target not found
Native extension for WebGL target not found
Refreshing native plugins compatible for Editor in 0.60 ms, found 3 plugins.
Preloading 0 native plugins for Editor in 0.00 ms.
Mono: successfully reloaded assembly
- Completed reload, in  1.361 seconds
Platform modules already initialized, skipping
Refreshing native plugins compatible for Editor in 0.52 ms, found 3 plugins.
Preloading 0 native plugins for Editor in 0.00 ms.
Unloading 2085 Unused Serialized files (Serialized files now loaded: 0)
System memory in use before: 193.9 MB.
System memory in use after: 193.9 MB.

Unloading 21 unused Assets to reduce memory usage. Loaded Objects now: 2575.
Total: 3.290331 ms (FindLiveObjects: 0.336030 ms CreateObjectMapping: 0.156398 ms MarkObjects: 2.683199 ms  DeleteObjects: 0.113826 ms)

========================================================================
Received Prepare
Registering precompiled user dll's ...
Registered in 0.004680 seconds.
Begin MonoManager ReloadAssembly
Native extension for OSXStandalone target not found
Native extension for WebGL target not found
Refreshing native plugins compatible for Editor in 0.49 ms, found 3 plugins.
Preloading 0 native plugins for Editor in 0.00 ms.
Mono: successfully reloaded assembly
- Completed reload, in  1.341 seconds
Platform modules already initialized, skipping
Refreshing native plugins compatible for Editor in 0.52 ms, found 3 plugins.
Preloading 0 native plugins for Editor in 0.00 ms.
Unloading 2085 Unused Serialized files (Serialized files now loaded: 0)
System memory in use before: 194.1 MB.
System memory in use after: 194.1 MB.

Unloading 21 unused Assets to reduce memory usage. Loaded Objects now: 2579.
Total: 3.323206 ms (FindLiveObjects: 0.280877 ms CreateObjectMapping: 0.165182 ms MarkObjects: 2.753121 ms  DeleteObjects: 0.122850 ms)

========================================================================
Received Prepare
Registering precompiled user dll's ...
Registered in 0.001952 seconds.
Begin MonoManager ReloadAssembly
Native extension for OSXStandalone target not found
Native extension for WebGL target not found
Refreshing native plugins compatible for Editor in 0.49 ms, found 3 plugins.
Preloading 0 native plugins for Editor in 0.00 ms.
Mono: successfully reloaded assembly
- Completed reload, in  1.400 seconds
Platform modules already initialized, skipping
Refreshing native plugins compatible for Editor in 0.51 ms, found 3 plugins.
Preloading 0 native plugins for Editor in 0.00 ms.
Unloading 2085 Unused Serialized files (Serialized files now loaded: 0)
System memory in use before: 194.3 MB.
System memory in use after: 194.3 MB.

Unloading 21 unused Assets to reduce memory usage. Loaded Objects now: 2583.
Total: 2.586942 ms (FindLiveObjects: 0.227153 ms CreateObjectMapping: 0.080766 ms MarkObjects: 2.151442 ms  DeleteObjects: 0.126498 ms)

========================================================================
Received Prepare
Registering precompiled user dll's ...
Registered in 0.002151 seconds.
Begin MonoManager ReloadAssembly
Native extension for OSXStandalone target not found
Native extension for WebGL target not found
Refreshing native plugins compatible for Editor in 0.50 ms, found 3 plugins.
Preloading 0 native plugins for Editor in 0.00 ms.
Mono: successfully reloaded assembly
- Completed reload, in  1.399 seconds
Platform modules already initialized, skipping
Refreshing native plugins compatible for Editor in 0.57 ms, found 3 plugins.
Preloading 0 native plugins for Editor in 0.00 ms.
Unloading 2084 Unused Serialized files (Serialized files now loaded: 0)
System memory in use before: 194.5 MB.
System memory in use after: 194.5 MB.

Unloading 22 unused Assets to reduce memory usage. Loaded Objects now: 2586.
Total: 3.419047 ms (FindLiveObjects: 0.326158 ms CreateObjectMapping: 0.159508 ms MarkObjects: 2.797076 ms  DeleteObjects: 0.135124 ms)

========================================================================
Received Prepare
Registering precompiled user dll's ...
Registered in 0.008020 seconds.
Begin MonoManager ReloadAssembly
Native extension for OSXStandalone target not found
Native extension for WebGL target not found
Refreshing native plugins compatible for Editor in 0.50 ms, found 3 plugins.
Preloading 0 native plugins for Editor in 0.00 ms.
Mono: successfully reloaded assembly
- Completed reload, in  1.466 seconds
Platform modules already initialized, skipping
Refreshing native plugins compatible for Editor in 0.50 ms, found 3 plugins.
Preloading 0 native plugins for Editor in 0.00 ms.
Unloading 2084 Unused Serialized files (Serialized files now loaded: 0)
System memory in use before: 194.7 MB.
System memory in use after: 194.7 MB.

Unloading 21 unused Assets to reduce memory usage. Loaded Objects now: 2590.
Total: 2.744960 ms (FindLiveObjects: 0.218640 ms CreateObjectMapping: 0.078261 ms MarkObjects: 2.297197 ms  DeleteObjects: 0.150047 ms)

========================================================================
Received Import Request.
  Time since last request: 760.902740 seconds.
  path: Assets/PhyMats
  artifactKey: Guid(88680b1a8a43443499d2f99c364660a3) Importer(815301076,1909f56bfc062723c751e8b465ee728b)
Start importing Assets/PhyMats using Guid(88680b1a8a43443499d2f99c364660a3) Importer(815301076,1909f56bfc062723c751e8b465ee728b)  -> (artifact id: '9c2b12c9bf9cba1443ca2174535a8764') in 0.006074 seconds
  Import took 0.010099 seconds .

========================================================================
Received Import Request.
  Time since last request: 0.017168 seconds.
  path: Assets/PhyMats
  artifactKey: Guid(88680b1a8a43443499d2f99c364660a3) Importer(815301076,1909f56bfc062723c751e8b465ee728b)
Start importing Assets/PhyMats using Guid(88680b1a8a43443499d2f99c364660a3) Importer(815301076,1909f56bfc062723c751e8b465ee728b)  -> (artifact id: '9c2b12c9bf9cba1443ca2174535a8764') in 0.001448 seconds
  Import took 0.006128 seconds .

========================================================================
Received Import Request.
  Time since last request: 33.525831 seconds.
  path: Assets/PhyMats/Ground.physicMaterial
  artifactKey: Guid(27c4d69168b28493b92cc5b385eeae82) Importer(815301076,1909f56bfc062723c751e8b465ee728b)
Start importing Assets/PhyMats/Ground.physicMaterial using Guid(27c4d69168b28493b92cc5b385eeae82) Importer(815301076,1909f56bfc062723c751e8b465ee728b)  -> (artifact id: '69cd107e39190b38ccb82fdf9e71a851') in 0.166946 seconds
  Import took 0.171584 seconds .

========================================================================
Received Import Request.
  Time since last request: 8.601258 seconds.
  path: Assets/PhyMats/Ground.physicMaterial
  artifactKey: Guid(27c4d69168b28493b92cc5b385eeae82) Importer(815301076,1909f56bfc062723c751e8b465ee728b)
Start importing Assets/PhyMats/Ground.physicMaterial using Guid(27c4d69168b28493b92cc5b385eeae82) Importer(815301076,1909f56bfc062723c751e8b465ee728b)  -> (artifact id: 'a497bb4d492e9490717d4806ba0aad3a') in 0.004045 seconds
  Import took 0.008671 seconds .

========================================================================
Received Import Request.
  Time since last request: 25.841639 seconds.
  path: Assets/PhyMats/Ground.physicsMaterial2D
  artifactKey: Guid(0819bdde130b34230bf36906e3e59899) Importer(815301076,1909f56bfc062723c751e8b465ee728b)
Start importing Assets/PhyMats/Ground.physicsMaterial2D using Guid(0819bdde130b34230bf36906e3e59899) Importer(815301076,1909f56bfc062723c751e8b465ee728b)  -> (artifact id: 'd03f7b13b9a2fedc94a3886ed8d2c8df') in 0.160983 seconds
  Import took 0.166117 seconds .

========================================================================
Received Prepare
Registering precompiled user dll's ...
Registered in 0.005370 seconds.
Begin MonoManager ReloadAssembly
Native extension for OSXStandalone target not found
Native extension for WebGL target not found
Refreshing native plugins compatible for Editor in 0.53 ms, found 3 plugins.
Preloading 0 native plugins for Editor in 0.00 ms.
Mono: successfully reloaded assembly
- Completed reload, in  1.439 seconds
Platform modules already initialized, skipping
Refreshing native plugins compatible for Editor in 0.52 ms, found 3 plugins.
Preloading 0 native plugins for Editor in 0.00 ms.
Unloading 2084 Unused Serialized files (Serialized files now loaded: 0)
System memory in use before: 203.2 MB.
System memory in use after: 203.2 MB.

Unloading 21 unused Assets to reduce memory usage. Loaded Objects now: 2594.
Total: 2.701014 ms (FindLiveObjects: 0.245662 ms CreateObjectMapping: 0.076841 ms MarkObjects: 2.253407 ms  DeleteObjects: 0.124157 ms)

========================================================================
Received Import Request.
  Time since last request: 75.409031 seconds.
  path: Assets/Scripts/ObjectPool.cs
  artifactKey: Guid(63c144afccbfb4c44a82c2ef19c3f4fe) Importer(815301076,1909f56bfc062723c751e8b465ee728b)
Start importing Assets/Scripts/ObjectPool.cs using Guid(63c144afccbfb4c44a82c2ef19c3f4fe) Importer(815301076,1909f56bfc062723c751e8b465ee728b)  -> (artifact id: '36de506059be53476f656832556163cf') in 0.006333 seconds
  Import took 0.010343 seconds .

========================================================================
Received Import Request.
  Time since last request: 0.032902 seconds.
  path: Assets/Scripts/ObjectPool.cs
  artifactKey: Guid(63c144afccbfb4c44a82c2ef19c3f4fe) Importer(815301076,1909f56bfc062723c751e8b465ee728b)
Start importing Assets/Scripts/ObjectPool.cs using Guid(63c144afccbfb4c44a82c2ef19c3f4fe) Importer(815301076,1909f56bfc062723c751e8b465ee728b)  -> (artifact id: '36de506059be53476f656832556163cf') in 0.002243 seconds
  Import took 0.007045 seconds .

========================================================================
Received Import Request.
  Time since last request: 0.625844 seconds.
  path: Assets/Scripts/Player.cs
  artifactKey: Guid(8a49343e5258748068fc7e4763be2bb4) Importer(815301076,1909f56bfc062723c751e8b465ee728b)
Start importing Assets/Scripts/Player.cs using Guid(8a49343e5258748068fc7e4763be2bb4) Importer(815301076,1909f56bfc062723c751e8b465ee728b)  -> (artifact id: '64b80a13a2fd74bdd26e3f5740b2da71') in 0.002174 seconds
  Import took 0.006236 seconds .

========================================================================
Received Import Request.
  Time since last request: 0.000696 seconds.
  path: Assets/Scripts/Player.cs
  artifactKey: Guid(8a49343e5258748068fc7e4763be2bb4) Importer(815301076,1909f56bfc062723c751e8b465ee728b)
Start importing Assets/Scripts/Player.cs using Guid(8a49343e5258748068fc7e4763be2bb4) Importer(815301076,1909f56bfc062723c751e8b465ee728b)  -> (artifact id: '64b80a13a2fd74bdd26e3f5740b2da71') in 0.001776 seconds
  Import took 0.004823 seconds .

========================================================================
Received Import Request.
  Time since last request: 0.518668 seconds.
  path: Assets/Scripts/ScoreTracker.cs
  artifactKey: Guid(e3d8df459fa3a4e9cbd93a4352c15423) Importer(815301076,1909f56bfc062723c751e8b465ee728b)
Start importing Assets/Scripts/ScoreTracker.cs using Guid(e3d8df459fa3a4e9cbd93a4352c15423) Importer(815301076,1909f56bfc062723c751e8b465ee728b)  -> (artifact id: 'bde3341883dd8ae9ffc718328dc845c4') in 0.002039 seconds
  Import took 0.005814 seconds .

========================================================================
Received Import Request.
  Time since last request: 0.879210 seconds.
  path: Assets/Scripts/SectionTrigger.cs
  artifactKey: Guid(f4f7e86cf246e481c93abcc06fec02c7) Importer(815301076,1909f56bfc062723c751e8b465ee728b)
Start importing Assets/Scripts/SectionTrigger.cs using Guid(f4f7e86cf246e481c93abcc06fec02c7) Importer(815301076,1909f56bfc062723c751e8b465ee728b)  -> (artifact id: 'fe400a64040092bf692da41e067e45ca') in 0.002193 seconds
  Import took 0.006614 seconds .

========================================================================
Received Import Request.
  Time since last request: 0.000511 seconds.
  path: Assets/Scripts/SectionTrigger.cs
  artifactKey: Guid(f4f7e86cf246e481c93abcc06fec02c7) Importer(815301076,1909f56bfc062723c751e8b465ee728b)
Start importing Assets/Scripts/SectionTrigger.cs using Guid(f4f7e86cf246e481c93abcc06fec02c7) Importer(815301076,1909f56bfc062723c751e8b465ee728b)  -> (artifact id: 'fe400a64040092bf692da41e067e45ca') in 0.001764 seconds
  Import took 0.004757 seconds .

========================================================================
Received Import Request.
  Time since last request: 0.795399 seconds.
  path: Assets/Scripts/CameraMove.cs
  artifactKey: Guid(3c3637d7f2e854465b386c3f2ac379c6) Importer(815301076,1909f56bfc062723c751e8b465ee728b)
Start importing Assets/Scripts/CameraMove.cs using Guid(3c3637d7f2e854465b386c3f2ac379c6) Importer(815301076,1909f56bfc062723c751e8b465ee728b)  -> (artifact id: '98c935ff7d6ba4654f5695a1b999261b') in 0.002185 seconds
  Import took 0.007196 seconds .

========================================================================
Received Import Request.
  Time since last request: 0.487308 seconds.
  path: Assets/Scripts/Damagers.cs
  artifactKey: Guid(26558cf1dcd914bbd9fd9652afa90d99) Importer(815301076,1909f56bfc062723c751e8b465ee728b)
Start importing Assets/Scripts/Damagers.cs using Guid(26558cf1dcd914bbd9fd9652afa90d99) Importer(815301076,1909f56bfc062723c751e8b465ee728b)  -> (artifact id: '3eab9d4502469197dacc732afc93cf3b') in 0.002024 seconds
  Import took 0.005768 seconds .

========================================================================
Received Import Request.
  Time since last request: 0.494718 seconds.
  path: Assets/Scripts/EndGameZone.cs
  artifactKey: Guid(1e73ccfb9139b4d4e9c72e895ae86907) Importer(815301076,1909f56bfc062723c751e8b465ee728b)
Start importing Assets/Scripts/EndGameZone.cs using Guid(1e73ccfb9139b4d4e9c72e895ae86907) Importer(815301076,1909f56bfc062723c751e8b465ee728b)  -> (artifact id: '9837e94bc3ebf31683df79ab47508197') in 0.002087 seconds
  Import took 0.006346 seconds .

========================================================================
Received Import Request.
  Time since last request: 0.655879 seconds.
  path: Assets/Scripts/GameLogic.cs
  artifactKey: Guid(c144b3eb80a3e4594b538efd6e63e759) Importer(815301076,1909f56bfc062723c751e8b465ee728b)
Start importing Assets/Scripts/GameLogic.cs using Guid(c144b3eb80a3e4594b538efd6e63e759) Importer(815301076,1909f56bfc062723c751e8b465ee728b)  -> (artifact id: '349dc5a3b627a296a0bcda8c4f201ad0') in 0.002206 seconds
  Import took 0.006655 seconds .

